0 info it worked if it ends with ok
1 verbose cli [ '/home/ninjacoder/.nvm/versions/node/v0.12.5/bin/node',
1 verbose cli   '/home/ninjacoder/.nvm/versions/node/v0.12.5/bin/npm',
1 verbose cli   'start' ]
2 info using npm@2.11.2
3 info using node@v0.12.5
4 verbose stack Error: missing script: start
4 verbose stack     at run (/home/ninjacoder/.nvm/versions/node/v0.12.5/lib/node_modules/npm/lib/run-script.js:142:19)
4 verbose stack     at /home/ninjacoder/.nvm/versions/node/v0.12.5/lib/node_modules/npm/lib/run-script.js:58:5
4 verbose stack     at /home/ninjacoder/.nvm/versions/node/v0.12.5/lib/node_modules/npm/node_modules/read-package-json/read-json.js:345:5
4 verbose stack     at checkBinReferences_ (/home/ninjacoder/.nvm/versions/node/v0.12.5/lib/node_modules/npm/node_modules/read-package-json/read-json.js:309:45)
4 verbose stack     at final (/home/ninjacoder/.nvm/versions/node/v0.12.5/lib/node_modules/npm/node_modules/read-package-json/read-json.js:343:3)
4 verbose stack     at then (/home/ninjacoder/.nvm/versions/node/v0.12.5/lib/node_modules/npm/node_modules/read-package-json/read-json.js:113:5)
4 verbose stack     at /home/ninjacoder/.nvm/versions/node/v0.12.5/lib/node_modules/npm/node_modules/read-package-json/read-json.js:232:12
4 verbose stack     at evalmachine.<anonymous>:334:14
4 verbose stack     at /home/ninjacoder/.nvm/versions/node/v0.12.5/lib/node_modules/npm/node_modules/graceful-fs/graceful-fs.js:102:5
4 verbose stack     at FSReqWrap.oncomplete (evalmachine.<anonymous>:95:15)
5 verbose cwd /home/ninjacoder/Projects/angular-scaffold
6 error Linux 3.19.0-22-generic
7 error argv "/home/ninjacoder/.nvm/versions/node/v0.12.5/bin/node" "/home/ninjacoder/.nvm/versions/node/v0.12.5/bin/npm" "start"
8 error node v0.12.5
9 error npm  v2.11.2
10 error missing script: start
11 error If you need help, you may report this error at:
11 error     <https://github.com/npm/npm/issues>
12 verbose exit [ 1, true ]
